running egg_info
creating ../../build/my_tb3_controller/my_tb3_controller.egg-info
writing ../../build/my_tb3_controller/my_tb3_controller.egg-info/PKG-INFO
writing dependency_links to ../../build/my_tb3_controller/my_tb3_controller.egg-info/dependency_links.txt
writing entry points to ../../build/my_tb3_controller/my_tb3_controller.egg-info/entry_points.txt
writing requirements to ../../build/my_tb3_controller/my_tb3_controller.egg-info/requires.txt
writing top-level names to ../../build/my_tb3_controller/my_tb3_controller.egg-info/top_level.txt
writing manifest file '../../build/my_tb3_controller/my_tb3_controller.egg-info/SOURCES.txt'
reading manifest file '../../build/my_tb3_controller/my_tb3_controller.egg-info/SOURCES.txt'
writing manifest file '../../build/my_tb3_controller/my_tb3_controller.egg-info/SOURCES.txt'
running build
running build_py
creating /workspaces/ros2_ws/build/my_tb3_controller/build
creating /workspaces/ros2_ws/build/my_tb3_controller/build/lib
creating /workspaces/ros2_ws/build/my_tb3_controller/build/lib/my_tb3_controller
copying my_tb3_controller/obstacle_avoider.py -> /workspaces/ros2_ws/build/my_tb3_controller/build/lib/my_tb3_controller
copying my_tb3_controller/__init__.py -> /workspaces/ros2_ws/build/my_tb3_controller/build/lib/my_tb3_controller
running install
running install_lib
creating /workspaces/ros2_ws/install/my_tb3_controller/lib/python3.10/site-packages/my_tb3_controller
copying /workspaces/ros2_ws/build/my_tb3_controller/build/lib/my_tb3_controller/obstacle_avoider.py -> /workspaces/ros2_ws/install/my_tb3_controller/lib/python3.10/site-packages/my_tb3_controller
copying /workspaces/ros2_ws/build/my_tb3_controller/build/lib/my_tb3_controller/__init__.py -> /workspaces/ros2_ws/install/my_tb3_controller/lib/python3.10/site-packages/my_tb3_controller
byte-compiling /workspaces/ros2_ws/install/my_tb3_controller/lib/python3.10/site-packages/my_tb3_controller/obstacle_avoider.py to obstacle_avoider.cpython-310.pyc
byte-compiling /workspaces/ros2_ws/install/my_tb3_controller/lib/python3.10/site-packages/my_tb3_controller/__init__.py to __init__.cpython-310.pyc
running install_data
creating /workspaces/ros2_ws/install/my_tb3_controller/share/ament_index
creating /workspaces/ros2_ws/install/my_tb3_controller/share/ament_index/resource_index
creating /workspaces/ros2_ws/install/my_tb3_controller/share/ament_index/resource_index/packages
copying resource/my_tb3_controller -> /workspaces/ros2_ws/install/my_tb3_controller/share/ament_index/resource_index/packages
copying package.xml -> /workspaces/ros2_ws/install/my_tb3_controller/share/my_tb3_controller
creating /workspaces/ros2_ws/install/my_tb3_controller/share/my_tb3_controller/launch
copying launch/obstacle_avoider.launch.py -> /workspaces/ros2_ws/install/my_tb3_controller/share/my_tb3_controller/launch
running install_egg_info
Copying ../../build/my_tb3_controller/my_tb3_controller.egg-info to /workspaces/ros2_ws/install/my_tb3_controller/lib/python3.10/site-packages/my_tb3_controller-0.0.0-py3.10.egg-info
running install_scripts
Installing obstacle_avoider script to /workspaces/ros2_ws/install/my_tb3_controller/lib/my_tb3_controller
writing list of installed files to '/workspaces/ros2_ws/build/my_tb3_controller/install.log'
