[0.959s] Invoking command in '/workspaces/ros2_ws/src/my_tb3_controller': PYTHONPATH=/workspaces/ros2_ws/build/my_tb3_controller/prefix_override:/usr/lib/python3/dist-packages/colcon_core/task/python/colcon_distutils_commands:/workspaces/ros2_ws/install/my_tb3_controller/lib/python3.10/site-packages:${PYTHONPATH} /usr/bin/python3 -W ignore:setup.py install is deprecated -W ignore:easy_install command is deprecated setup.py egg_info --egg-base ../../build/my_tb3_controller build --build-base /workspaces/ros2_ws/build/my_tb3_controller/build install --record /workspaces/ros2_ws/build/my_tb3_controller/install.log --single-version-externally-managed install_data
[1.333s] running egg_info
[1.334s] creating ../../build/my_tb3_controller/my_tb3_controller.egg-info
[1.335s] writing ../../build/my_tb3_controller/my_tb3_controller.egg-info/PKG-INFO
[1.336s] writing dependency_links to ../../build/my_tb3_controller/my_tb3_controller.egg-info/dependency_links.txt
[1.339s] writing entry points to ../../build/my_tb3_controller/my_tb3_controller.egg-info/entry_points.txt
[1.340s] writing requirements to ../../build/my_tb3_controller/my_tb3_controller.egg-info/requires.txt
[1.341s] writing top-level names to ../../build/my_tb3_controller/my_tb3_controller.egg-info/top_level.txt
[1.341s] writing manifest file '../../build/my_tb3_controller/my_tb3_controller.egg-info/SOURCES.txt'
[1.346s] reading manifest file '../../build/my_tb3_controller/my_tb3_controller.egg-info/SOURCES.txt'
[1.347s] writing manifest file '../../build/my_tb3_controller/my_tb3_controller.egg-info/SOURCES.txt'
[1.347s] running build
[1.348s] running build_py
[1.348s] creating /workspaces/ros2_ws/build/my_tb3_controller/build
[1.349s] creating /workspaces/ros2_ws/build/my_tb3_controller/build/lib
[1.349s] creating /workspaces/ros2_ws/build/my_tb3_controller/build/lib/my_tb3_controller
[1.350s] copying my_tb3_controller/obstacle_avoider.py -> /workspaces/ros2_ws/build/my_tb3_controller/build/lib/my_tb3_controller
[1.350s] copying my_tb3_controller/__init__.py -> /workspaces/ros2_ws/build/my_tb3_controller/build/lib/my_tb3_controller
[1.350s] running install
[1.350s] running install_lib
[1.351s] creating /workspaces/ros2_ws/install/my_tb3_controller/lib/python3.10/site-packages/my_tb3_controller
[1.351s] copying /workspaces/ros2_ws/build/my_tb3_controller/build/lib/my_tb3_controller/obstacle_avoider.py -> /workspaces/ros2_ws/install/my_tb3_controller/lib/python3.10/site-packages/my_tb3_controller
[1.351s] copying /workspaces/ros2_ws/build/my_tb3_controller/build/lib/my_tb3_controller/__init__.py -> /workspaces/ros2_ws/install/my_tb3_controller/lib/python3.10/site-packages/my_tb3_controller
[1.352s] byte-compiling /workspaces/ros2_ws/install/my_tb3_controller/lib/python3.10/site-packages/my_tb3_controller/obstacle_avoider.py to obstacle_avoider.cpython-310.pyc
[1.354s] byte-compiling /workspaces/ros2_ws/install/my_tb3_controller/lib/python3.10/site-packages/my_tb3_controller/__init__.py to __init__.cpython-310.pyc
[1.354s] running install_data
[1.355s] creating /workspaces/ros2_ws/install/my_tb3_controller/share/ament_index
[1.355s] creating /workspaces/ros2_ws/install/my_tb3_controller/share/ament_index/resource_index
[1.355s] creating /workspaces/ros2_ws/install/my_tb3_controller/share/ament_index/resource_index/packages
[1.355s] copying resource/my_tb3_controller -> /workspaces/ros2_ws/install/my_tb3_controller/share/ament_index/resource_index/packages
[1.355s] copying package.xml -> /workspaces/ros2_ws/install/my_tb3_controller/share/my_tb3_controller
[1.356s] creating /workspaces/ros2_ws/install/my_tb3_controller/share/my_tb3_controller/launch
[1.357s] copying launch/obstacle_avoider.launch.py -> /workspaces/ros2_ws/install/my_tb3_controller/share/my_tb3_controller/launch
[1.357s] running install_egg_info
[1.363s] Copying ../../build/my_tb3_controller/my_tb3_controller.egg-info to /workspaces/ros2_ws/install/my_tb3_controller/lib/python3.10/site-packages/my_tb3_controller-0.0.0-py3.10.egg-info
[1.365s] running install_scripts
[1.408s] Installing obstacle_avoider script to /workspaces/ros2_ws/install/my_tb3_controller/lib/my_tb3_controller
[1.409s] writing list of installed files to '/workspaces/ros2_ws/build/my_tb3_controller/install.log'
[1.451s] Invoked command in '/workspaces/ros2_ws/src/my_tb3_controller' returned '0': PYTHONPATH=/workspaces/ros2_ws/build/my_tb3_controller/prefix_override:/usr/lib/python3/dist-packages/colcon_core/task/python/colcon_distutils_commands:/workspaces/ros2_ws/install/my_tb3_controller/lib/python3.10/site-packages:${PYTHONPATH} /usr/bin/python3 -W ignore:setup.py install is deprecated -W ignore:easy_install command is deprecated setup.py egg_info --egg-base ../../build/my_tb3_controller build --build-base /workspaces/ros2_ws/build/my_tb3_controller/build install --record /workspaces/ros2_ws/build/my_tb3_controller/install.log --single-version-externally-managed install_data
