running egg_info
creating ../build/my_services_actions/my_services_actions.egg-info
writing ../build/my_services_actions/my_services_actions.egg-info/PKG-INFO
writing dependency_links to ../build/my_services_actions/my_services_actions.egg-info/dependency_links.txt
writing entry points to ../build/my_services_actions/my_services_actions.egg-info/entry_points.txt
writing requirements to ../build/my_services_actions/my_services_actions.egg-info/requires.txt
writing top-level names to ../build/my_services_actions/my_services_actions.egg-info/top_level.txt
writing manifest file '../build/my_services_actions/my_services_actions.egg-info/SOURCES.txt'
reading manifest file '../build/my_services_actions/my_services_actions.egg-info/SOURCES.txt'
writing manifest file '../build/my_services_actions/my_services_actions.egg-info/SOURCES.txt'
running build
running install
running install_data
creating /workspaces/ros2_ws/src/install/my_services_actions/share/ament_index
creating /workspaces/ros2_ws/src/install/my_services_actions/share/ament_index/resource_index
creating /workspaces/ros2_ws/src/install/my_services_actions/share/ament_index/resource_index/packages
copying resource/my_services_actions -> /workspaces/ros2_ws/src/install/my_services_actions/share/ament_index/resource_index/packages
copying package.xml -> /workspaces/ros2_ws/src/install/my_services_actions/share/my_services_actions
running install_egg_info
Copying ../build/my_services_actions/my_services_actions.egg-info to /workspaces/ros2_ws/src/install/my_services_actions/lib/python3.10/site-packages/my_services_actions-0.0.0-py3.10.egg-info
running install_scripts
writing list of installed files to '/workspaces/ros2_ws/src/build/my_services_actions/install.log'
