[0.590s] Invoking command in '/workspaces/ros2_ws/src/my_services_actions': PYTHONPATH=/workspaces/ros2_ws/src/build/my_services_actions/prefix_override:/usr/lib/python3/dist-packages/colcon_core/task/python/colcon_distutils_commands:/workspaces/ros2_ws/src/install/my_services_actions/lib/python3.10/site-packages:${PYTHONPATH} /usr/bin/python3 -W ignore:setup.py install is deprecated -W ignore:easy_install command is deprecated setup.py egg_info --egg-base ../build/my_services_actions build --build-base /workspaces/ros2_ws/src/build/my_services_actions/build install --record /workspaces/ros2_ws/src/build/my_services_actions/install.log --single-version-externally-managed install_data
[0.770s] running egg_info
[0.770s] creating ../build/my_services_actions/my_services_actions.egg-info
[0.771s] writing ../build/my_services_actions/my_services_actions.egg-info/PKG-INFO
[0.773s] writing dependency_links to ../build/my_services_actions/my_services_actions.egg-info/dependency_links.txt
[0.773s] writing entry points to ../build/my_services_actions/my_services_actions.egg-info/entry_points.txt
[0.774s] writing requirements to ../build/my_services_actions/my_services_actions.egg-info/requires.txt
[0.774s] writing top-level names to ../build/my_services_actions/my_services_actions.egg-info/top_level.txt
[0.775s] writing manifest file '../build/my_services_actions/my_services_actions.egg-info/SOURCES.txt'
[0.777s] reading manifest file '../build/my_services_actions/my_services_actions.egg-info/SOURCES.txt'
[0.778s] writing manifest file '../build/my_services_actions/my_services_actions.egg-info/SOURCES.txt'
[0.779s] running build
[0.779s] running install
[0.779s] running install_data
[0.779s] creating /workspaces/ros2_ws/src/install/my_services_actions/share/ament_index
[0.780s] creating /workspaces/ros2_ws/src/install/my_services_actions/share/ament_index/resource_index
[0.781s] creating /workspaces/ros2_ws/src/install/my_services_actions/share/ament_index/resource_index/packages
[0.782s] copying resource/my_services_actions -> /workspaces/ros2_ws/src/install/my_services_actions/share/ament_index/resource_index/packages
[0.782s] copying package.xml -> /workspaces/ros2_ws/src/install/my_services_actions/share/my_services_actions
[0.782s] running install_egg_info
[0.785s] Copying ../build/my_services_actions/my_services_actions.egg-info to /workspaces/ros2_ws/src/install/my_services_actions/lib/python3.10/site-packages/my_services_actions-0.0.0-py3.10.egg-info
[0.790s] running install_scripts
[0.811s] writing list of installed files to '/workspaces/ros2_ws/src/build/my_services_actions/install.log'
[0.842s] Invoked command in '/workspaces/ros2_ws/src/my_services_actions' returned '0': PYTHONPATH=/workspaces/ros2_ws/src/build/my_services_actions/prefix_override:/usr/lib/python3/dist-packages/colcon_core/task/python/colcon_distutils_commands:/workspaces/ros2_ws/src/install/my_services_actions/lib/python3.10/site-packages:${PYTHONPATH} /usr/bin/python3 -W ignore:setup.py install is deprecated -W ignore:easy_install command is deprecated setup.py egg_info --egg-base ../build/my_services_actions build --build-base /workspaces/ros2_ws/src/build/my_services_actions/build install --record /workspaces/ros2_ws/src/build/my_services_actions/install.log --single-version-externally-managed install_data
