[0.007s] Invoking command in '/workspaces/ros2_ws/build/examples_rclcpp_wait_set': CMAKE_PREFIX_PATH=/opt/ros/humble /usr/bin/cmake /workspaces/ros2_ws/src/examples/rclcpp/wait_set -DCMAKE_INSTALL_PREFIX=/workspaces/ros2_ws/install/examples_rclcpp_wait_set
[0.054s] -- The C compiler identification is GNU 11.4.0
[0.092s] -- The CXX compiler identification is GNU 11.4.0
[0.100s] -- Detecting C compiler ABI info
[0.151s] -- Detecting C compiler ABI info - done
[0.158s] -- Check for working C compiler: /usr/bin/cc - skipped
[0.158s] -- Detecting C compile features
[0.159s] -- Detecting C compile features - done
[0.161s] -- Detecting CXX compiler ABI info
[0.221s] -- Detecting CXX compiler ABI info - done
[0.226s] -- Check for working CXX compiler: /usr/bin/c++ - skipped
[0.226s] -- Detecting CXX compile features
[0.227s] -- Detecting CXX compile features - done
[0.230s] -- Found ament_cmake: 1.3.11 (/opt/ros/humble/share/ament_cmake/cmake)
[0.397s] -- Found Python3: /usr/bin/python3 (found version "3.10.12") found components: Interpreter 
[0.483s] -- Found example_interfaces: 0.9.3 (/opt/ros/humble/share/example_interfaces/cmake)
[0.510s] -- Found rosidl_generator_c: 3.1.6 (/opt/ros/humble/share/rosidl_generator_c/cmake)
[0.513s] -- Found rosidl_adapter: 3.1.6 (/opt/ros/humble/share/rosidl_adapter/cmake)
[0.520s] -- Found rosidl_generator_cpp: 3.1.6 (/opt/ros/humble/share/rosidl_generator_cpp/cmake)
[0.528s] -- Using all available rosidl_typesupport_c: rosidl_typesupport_fastrtps_c;rosidl_typesupport_introspection_c
[0.540s] -- Using all available rosidl_typesupport_cpp: rosidl_typesupport_fastrtps_cpp;rosidl_typesupport_introspection_cpp
[0.610s] -- Found rclcpp: 16.0.12 (/opt/ros/humble/share/rclcpp/cmake)
[0.650s] -- Found rmw_implementation_cmake: 6.1.2 (/opt/ros/humble/share/rmw_implementation_cmake/cmake)
[0.652s] -- Found rmw_fastrtps_cpp: 6.2.7 (/opt/ros/humble/share/rmw_fastrtps_cpp/cmake)
[0.734s] -- Found OpenSSL: /usr/lib/x86_64-linux-gnu/libcrypto.so (found version "3.0.2")  
[0.762s] -- Found FastRTPS: /opt/ros/humble/include  
[0.825s] -- Using RMW implementation 'rmw_fastrtps_cpp' as default
[0.833s] -- Looking for pthread.h
[0.911s] -- Looking for pthread.h - found
[0.911s] -- Performing Test CMAKE_HAVE_LIBC_PTHREAD
[0.977s] -- Performing Test CMAKE_HAVE_LIBC_PTHREAD - Success
[0.978s] -- Found Threads: TRUE  
[1.024s] -- Found rclcpp_components: 16.0.12 (/opt/ros/humble/share/rclcpp_components/cmake)
[1.081s] -- Found ament_lint_auto: 0.12.12 (/opt/ros/humble/share/ament_lint_auto/cmake)
[1.168s] -- Added test 'copyright' to check source files copyright and LICENSE
[1.170s] -- Added test 'cppcheck' to perform static code analysis on C / C++ code
[1.170s] -- Configured cppcheck include dirs: /workspaces/ros2_ws/src/examples/rclcpp/wait_set/include
[1.170s] -- Configured cppcheck exclude dirs and/or files: 
[1.171s] -- Added test 'cpplint' to check C / C++ code against the Google style
[1.171s] -- Configured cpplint exclude dirs and/or files: 
[1.172s] -- Added test 'lint_cmake' to check CMake code style
[1.172s] -- Added test 'uncrustify' to check C / C++ code style
[1.172s] -- Configured uncrustify additional arguments: 
[1.173s] -- Added test 'xmllint' to check XML markup files
[1.174s] -- Configuring done
[1.212s] -- Generating done
[1.227s] -- Build files have been written to: /workspaces/ros2_ws/build/examples_rclcpp_wait_set
[1.239s] Invoked command in '/workspaces/ros2_ws/build/examples_rclcpp_wait_set' returned '0': CMAKE_PREFIX_PATH=/opt/ros/humble /usr/bin/cmake /workspaces/ros2_ws/src/examples/rclcpp/wait_set -DCMAKE_INSTALL_PREFIX=/workspaces/ros2_ws/install/examples_rclcpp_wait_set
[1.241s] Invoking command in '/workspaces/ros2_ws/build/examples_rclcpp_wait_set': CMAKE_PREFIX_PATH=/opt/ros/humble /usr/bin/cmake --build /workspaces/ros2_ws/build/examples_rclcpp_wait_set -- -j18 -l18
[1.286s] [  4%] [32mBuilding CXX object CMakeFiles/wait_set_talker.dir/rclcpp_components/node_main_wait_set_talker.cpp.o[0m
[1.289s] [ 12%] [32mBuilding CXX object CMakeFiles/listener.dir/src/listener.cpp.o[0m
[1.289s] [ 12%] [32mBuilding CXX object CMakeFiles/executor_random_order.dir/src/executor_random_order.cpp.o[0m
[1.289s] [ 20%] [32mBuilding CXX object CMakeFiles/wait_set_topics_and_timer.dir/src/wait_set_topics_and_timer.cpp.o[0m
[1.289s] [ 20%] [32mBuilding CXX object CMakeFiles/talker.dir/src/talker.cpp.o[0m
[1.292s] [ 25%] [32mBuilding CXX object CMakeFiles/thread_safe_wait_set.dir/src/thread_safe_wait_set.cpp.o[0m
[1.293s] [ 29%] [32mBuilding CXX object CMakeFiles/wait_set_random_order.dir/src/wait_set_random_order.cpp.o[0m
[1.293s] [ 33%] [32mBuilding CXX object CMakeFiles/wait_set_listener.dir/rclcpp_components/node_main_wait_set_listener.cpp.o[0m
[1.293s] [ 37%] [32mBuilding CXX object CMakeFiles/wait_set.dir/src/wait_set.cpp.o[0m
[1.294s] [ 41%] [32mBuilding CXX object CMakeFiles/static_wait_set.dir/src/static_wait_set.cpp.o[0m
[1.296s] [ 45%] [32mBuilding CXX object CMakeFiles/wait_set_topics_with_different_rates.dir/src/wait_set_topics_with_different_rates.cpp.o[0m
[12.911s] [ 50%] [32m[1mLinking CXX executable wait_set_talker[0m
[13.337s] [ 50%] Built target wait_set_talker
[14.584s] [ 54%] [32m[1mLinking CXX executable wait_set_listener[0m
[14.880s] [ 54%] Built target wait_set_listener
[16.646s] [ 58%] [32m[1mLinking CXX shared library libtalker.so[0m
[17.090s] [ 58%] Built target talker
[30.070s] [ 62%] [32m[1mLinking CXX executable executor_random_order[0m
[30.295s] [ 66%] [32m[1mLinking CXX executable static_wait_set[0m
[30.429s] [ 70%] [32m[1mLinking CXX shared library liblistener.so[0m
[30.511s] [ 75%] [32m[1mLinking CXX executable wait_set[0m
[31.212s] [ 75%] Built target executor_random_order
[31.481s] [ 75%] Built target static_wait_set
[31.502s] [ 79%] [32m[1mLinking CXX executable wait_set_topics_with_different_rates[0m
[31.619s] [ 79%] Built target listener
[31.680s] [ 83%] [32mBuilding CXX object CMakeFiles/wait_set_composed.dir/src/wait_set_composed.cpp.o[0m
[31.724s] [ 83%] Built target wait_set
[31.877s] [ 87%] [32m[1mLinking CXX executable wait_set_random_order[0m
[31.976s] [ 91%] [32m[1mLinking CXX executable wait_set_topics_and_timer[0m
[32.227s] [ 95%] [32m[1mLinking CXX executable thread_safe_wait_set[0m
[32.372s] [ 95%] Built target wait_set_topics_with_different_rates
[32.747s] [ 95%] Built target wait_set_random_order
[32.752s] [ 95%] Built target wait_set_topics_and_timer
[33.006s] [ 95%] Built target thread_safe_wait_set
[35.871s] [100%] [32m[1mLinking CXX executable wait_set_composed[0m
[36.088s] [100%] Built target wait_set_composed
[36.105s] Invoked command in '/workspaces/ros2_ws/build/examples_rclcpp_wait_set' returned '0': CMAKE_PREFIX_PATH=/opt/ros/humble /usr/bin/cmake --build /workspaces/ros2_ws/build/examples_rclcpp_wait_set -- -j18 -l18
[36.112s] Invoking command in '/workspaces/ros2_ws/build/examples_rclcpp_wait_set': CMAKE_PREFIX_PATH=/opt/ros/humble /usr/bin/cmake --install /workspaces/ros2_ws/build/examples_rclcpp_wait_set
[36.118s] -- Install configuration: ""
[36.119s] -- Installing: /workspaces/ros2_ws/install/examples_rclcpp_wait_set/lib/examples_rclcpp_wait_set/wait_set_talker
[36.119s] -- Set runtime path of "/workspaces/ros2_ws/install/examples_rclcpp_wait_set/lib/examples_rclcpp_wait_set/wait_set_talker" to ""
[36.119s] -- Installing: /workspaces/ros2_ws/install/examples_rclcpp_wait_set/lib/examples_rclcpp_wait_set/wait_set_listener
[36.119s] -- Set runtime path of "/workspaces/ros2_ws/install/examples_rclcpp_wait_set/lib/examples_rclcpp_wait_set/wait_set_listener" to ""
[36.120s] -- Installing: /workspaces/ros2_ws/install/examples_rclcpp_wait_set/lib/libtalker.so
[36.121s] -- Set runtime path of "/workspaces/ros2_ws/install/examples_rclcpp_wait_set/lib/libtalker.so" to ""
[36.121s] -- Installing: /workspaces/ros2_ws/install/examples_rclcpp_wait_set/lib/liblistener.so
[36.128s] -- Set runtime path of "/workspaces/ros2_ws/install/examples_rclcpp_wait_set/lib/liblistener.so" to ""
[36.128s] -- Installing: /workspaces/ros2_ws/install/examples_rclcpp_wait_set/lib/examples_rclcpp_wait_set/wait_set
[36.131s] -- Set runtime path of "/workspaces/ros2_ws/install/examples_rclcpp_wait_set/lib/examples_rclcpp_wait_set/wait_set" to ""
[36.131s] -- Installing: /workspaces/ros2_ws/install/examples_rclcpp_wait_set/lib/examples_rclcpp_wait_set/static_wait_set
[36.134s] -- Set runtime path of "/workspaces/ros2_ws/install/examples_rclcpp_wait_set/lib/examples_rclcpp_wait_set/static_wait_set" to ""
[36.134s] -- Installing: /workspaces/ros2_ws/install/examples_rclcpp_wait_set/lib/examples_rclcpp_wait_set/thread_safe_wait_set
[36.136s] -- Set runtime path of "/workspaces/ros2_ws/install/examples_rclcpp_wait_set/lib/examples_rclcpp_wait_set/thread_safe_wait_set" to ""
[36.136s] -- Installing: /workspaces/ros2_ws/install/examples_rclcpp_wait_set/lib/examples_rclcpp_wait_set/wait_set_topics_and_timer
[36.139s] -- Set runtime path of "/workspaces/ros2_ws/install/examples_rclcpp_wait_set/lib/examples_rclcpp_wait_set/wait_set_topics_and_timer" to ""
[36.139s] -- Installing: /workspaces/ros2_ws/install/examples_rclcpp_wait_set/lib/examples_rclcpp_wait_set/wait_set_random_order
[36.142s] -- Set runtime path of "/workspaces/ros2_ws/install/examples_rclcpp_wait_set/lib/examples_rclcpp_wait_set/wait_set_random_order" to ""
[36.142s] -- Installing: /workspaces/ros2_ws/install/examples_rclcpp_wait_set/lib/examples_rclcpp_wait_set/executor_random_order
[36.145s] -- Set runtime path of "/workspaces/ros2_ws/install/examples_rclcpp_wait_set/lib/examples_rclcpp_wait_set/executor_random_order" to ""
[36.145s] -- Installing: /workspaces/ros2_ws/install/examples_rclcpp_wait_set/lib/examples_rclcpp_wait_set/wait_set_topics_with_different_rates
[36.147s] -- Set runtime path of "/workspaces/ros2_ws/install/examples_rclcpp_wait_set/lib/examples_rclcpp_wait_set/wait_set_topics_with_different_rates" to ""
[36.147s] -- Installing: /workspaces/ros2_ws/install/examples_rclcpp_wait_set/lib/examples_rclcpp_wait_set/wait_set_composed
[36.147s] -- Set runtime path of "/workspaces/ros2_ws/install/examples_rclcpp_wait_set/lib/examples_rclcpp_wait_set/wait_set_composed" to ""
[36.148s] -- Installing: /workspaces/ros2_ws/install/examples_rclcpp_wait_set/share/ament_index/resource_index/package_run_dependencies/examples_rclcpp_wait_set
[36.148s] -- Installing: /workspaces/ros2_ws/install/examples_rclcpp_wait_set/share/ament_index/resource_index/parent_prefix_path/examples_rclcpp_wait_set
[36.148s] -- Installing: /workspaces/ros2_ws/install/examples_rclcpp_wait_set/share/examples_rclcpp_wait_set/environment/ament_prefix_path.sh
[36.149s] -- Installing: /workspaces/ros2_ws/install/examples_rclcpp_wait_set/share/examples_rclcpp_wait_set/environment/ament_prefix_path.dsv
[36.149s] -- Installing: /workspaces/ros2_ws/install/examples_rclcpp_wait_set/share/examples_rclcpp_wait_set/environment/path.sh
[36.149s] -- Installing: /workspaces/ros2_ws/install/examples_rclcpp_wait_set/share/examples_rclcpp_wait_set/environment/path.dsv
[36.149s] -- Installing: /workspaces/ros2_ws/install/examples_rclcpp_wait_set/share/examples_rclcpp_wait_set/local_setup.bash
[36.149s] -- Installing: /workspaces/ros2_ws/install/examples_rclcpp_wait_set/share/examples_rclcpp_wait_set/local_setup.sh
[36.150s] -- Installing: /workspaces/ros2_ws/install/examples_rclcpp_wait_set/share/examples_rclcpp_wait_set/local_setup.zsh
[36.150s] -- Installing: /workspaces/ros2_ws/install/examples_rclcpp_wait_set/share/examples_rclcpp_wait_set/local_setup.dsv
[36.150s] -- Installing: /workspaces/ros2_ws/install/examples_rclcpp_wait_set/share/examples_rclcpp_wait_set/package.dsv
[36.150s] -- Installing: /workspaces/ros2_ws/install/examples_rclcpp_wait_set/share/ament_index/resource_index/packages/examples_rclcpp_wait_set
[36.150s] -- Installing: /workspaces/ros2_ws/install/examples_rclcpp_wait_set/share/ament_index/resource_index/rclcpp_components/examples_rclcpp_wait_set
[36.151s] -- Installing: /workspaces/ros2_ws/install/examples_rclcpp_wait_set/share/examples_rclcpp_wait_set/cmake/examples_rclcpp_wait_setConfig.cmake
[36.151s] -- Installing: /workspaces/ros2_ws/install/examples_rclcpp_wait_set/share/examples_rclcpp_wait_set/cmake/examples_rclcpp_wait_setConfig-version.cmake
[36.151s] -- Installing: /workspaces/ros2_ws/install/examples_rclcpp_wait_set/share/examples_rclcpp_wait_set/package.xml
[36.153s] Invoked command in '/workspaces/ros2_ws/build/examples_rclcpp_wait_set' returned '0': CMAKE_PREFIX_PATH=/opt/ros/humble /usr/bin/cmake --install /workspaces/ros2_ws/build/examples_rclcpp_wait_set
