running egg_info
creating ../build/my_service_pkg/my_service_pkg.egg-info
writing ../build/my_service_pkg/my_service_pkg.egg-info/PKG-INFO
writing dependency_links to ../build/my_service_pkg/my_service_pkg.egg-info/dependency_links.txt
writing entry points to ../build/my_service_pkg/my_service_pkg.egg-info/entry_points.txt
writing requirements to ../build/my_service_pkg/my_service_pkg.egg-info/requires.txt
writing top-level names to ../build/my_service_pkg/my_service_pkg.egg-info/top_level.txt
writing manifest file '../build/my_service_pkg/my_service_pkg.egg-info/SOURCES.txt'
reading manifest file '../build/my_service_pkg/my_service_pkg.egg-info/SOURCES.txt'
writing manifest file '../build/my_service_pkg/my_service_pkg.egg-info/SOURCES.txt'
running build
running build_py
creating /workspaces/ros2_ws/src/build/my_service_pkg/build
creating /workspaces/ros2_ws/src/build/my_service_pkg/build/lib
creating /workspaces/ros2_ws/src/build/my_service_pkg/build/lib/my_service_pkg
copying my_service_pkg/velocity_client.py -> /workspaces/ros2_ws/src/build/my_service_pkg/build/lib/my_service_pkg
copying my_service_pkg/velocity_service.py -> /workspaces/ros2_ws/src/build/my_service_pkg/build/lib/my_service_pkg
copying my_service_pkg/__init__.py -> /workspaces/ros2_ws/src/build/my_service_pkg/build/lib/my_service_pkg
running install
running install_lib
creating /workspaces/ros2_ws/src/install/my_service_pkg/lib/python3.10/site-packages/my_service_pkg
copying /workspaces/ros2_ws/src/build/my_service_pkg/build/lib/my_service_pkg/velocity_client.py -> /workspaces/ros2_ws/src/install/my_service_pkg/lib/python3.10/site-packages/my_service_pkg
copying /workspaces/ros2_ws/src/build/my_service_pkg/build/lib/my_service_pkg/velocity_service.py -> /workspaces/ros2_ws/src/install/my_service_pkg/lib/python3.10/site-packages/my_service_pkg
copying /workspaces/ros2_ws/src/build/my_service_pkg/build/lib/my_service_pkg/__init__.py -> /workspaces/ros2_ws/src/install/my_service_pkg/lib/python3.10/site-packages/my_service_pkg
byte-compiling /workspaces/ros2_ws/src/install/my_service_pkg/lib/python3.10/site-packages/my_service_pkg/velocity_client.py to velocity_client.cpython-310.pyc
byte-compiling /workspaces/ros2_ws/src/install/my_service_pkg/lib/python3.10/site-packages/my_service_pkg/velocity_service.py to velocity_service.cpython-310.pyc
byte-compiling /workspaces/ros2_ws/src/install/my_service_pkg/lib/python3.10/site-packages/my_service_pkg/__init__.py to __init__.cpython-310.pyc
running install_data
creating /workspaces/ros2_ws/src/install/my_service_pkg/share/ament_index
creating /workspaces/ros2_ws/src/install/my_service_pkg/share/ament_index/resource_index
creating /workspaces/ros2_ws/src/install/my_service_pkg/share/ament_index/resource_index/packages
copying resource/my_service_pkg -> /workspaces/ros2_ws/src/install/my_service_pkg/share/ament_index/resource_index/packages
copying package.xml -> /workspaces/ros2_ws/src/install/my_service_pkg/share/my_service_pkg
creating /workspaces/ros2_ws/src/install/my_service_pkg/share/my_service_pkg/srv
copying srv/SetVelocity.srv -> /workspaces/ros2_ws/src/install/my_service_pkg/share/my_service_pkg/srv
running install_egg_info
Copying ../build/my_service_pkg/my_service_pkg.egg-info to /workspaces/ros2_ws/src/install/my_service_pkg/lib/python3.10/site-packages/my_service_pkg-0.0.0-py3.10.egg-info
running install_scripts
Installing velocity_client script to /workspaces/ros2_ws/src/install/my_service_pkg/lib/my_service_pkg
Installing velocity_service script to /workspaces/ros2_ws/src/install/my_service_pkg/lib/my_service_pkg
writing list of installed files to '/workspaces/ros2_ws/src/build/my_service_pkg/install.log'
