[0.665s] Invoking command in '/workspaces/ros2_ws/src/my_service_pkg': PYTHONPATH=/workspaces/ros2_ws/src/build/my_service_pkg/prefix_override:/usr/lib/python3/dist-packages/colcon_core/task/python/colcon_distutils_commands:/workspaces/ros2_ws/src/install/my_service_pkg/lib/python3.10/site-packages:${PYTHONPATH} /usr/bin/python3 -W ignore:setup.py install is deprecated -W ignore:easy_install command is deprecated setup.py egg_info --egg-base ../build/my_service_pkg build --build-base /workspaces/ros2_ws/src/build/my_service_pkg/build install --record /workspaces/ros2_ws/src/build/my_service_pkg/install.log --single-version-externally-managed install_data
[0.843s] running egg_info
[0.843s] creating ../build/my_service_pkg/my_service_pkg.egg-info
[0.844s] writing ../build/my_service_pkg/my_service_pkg.egg-info/PKG-INFO
[0.844s] writing dependency_links to ../build/my_service_pkg/my_service_pkg.egg-info/dependency_links.txt
[0.844s] writing entry points to ../build/my_service_pkg/my_service_pkg.egg-info/entry_points.txt
[0.845s] writing requirements to ../build/my_service_pkg/my_service_pkg.egg-info/requires.txt
[0.845s] writing top-level names to ../build/my_service_pkg/my_service_pkg.egg-info/top_level.txt
[0.846s] writing manifest file '../build/my_service_pkg/my_service_pkg.egg-info/SOURCES.txt'
[0.846s] reading manifest file '../build/my_service_pkg/my_service_pkg.egg-info/SOURCES.txt'
[0.847s] writing manifest file '../build/my_service_pkg/my_service_pkg.egg-info/SOURCES.txt'
[0.848s] running build
[0.848s] running build_py
[0.848s] creating /workspaces/ros2_ws/src/build/my_service_pkg/build
[0.848s] creating /workspaces/ros2_ws/src/build/my_service_pkg/build/lib
[0.849s] creating /workspaces/ros2_ws/src/build/my_service_pkg/build/lib/my_service_pkg
[0.849s] copying my_service_pkg/velocity_client.py -> /workspaces/ros2_ws/src/build/my_service_pkg/build/lib/my_service_pkg
[0.850s] copying my_service_pkg/velocity_service.py -> /workspaces/ros2_ws/src/build/my_service_pkg/build/lib/my_service_pkg
[0.852s] copying my_service_pkg/__init__.py -> /workspaces/ros2_ws/src/build/my_service_pkg/build/lib/my_service_pkg
[0.852s] running install
[0.852s] running install_lib
[0.853s] creating /workspaces/ros2_ws/src/install/my_service_pkg/lib/python3.10/site-packages/my_service_pkg
[0.853s] copying /workspaces/ros2_ws/src/build/my_service_pkg/build/lib/my_service_pkg/velocity_client.py -> /workspaces/ros2_ws/src/install/my_service_pkg/lib/python3.10/site-packages/my_service_pkg
[0.853s] copying /workspaces/ros2_ws/src/build/my_service_pkg/build/lib/my_service_pkg/velocity_service.py -> /workspaces/ros2_ws/src/install/my_service_pkg/lib/python3.10/site-packages/my_service_pkg
[0.853s] copying /workspaces/ros2_ws/src/build/my_service_pkg/build/lib/my_service_pkg/__init__.py -> /workspaces/ros2_ws/src/install/my_service_pkg/lib/python3.10/site-packages/my_service_pkg
[0.854s] byte-compiling /workspaces/ros2_ws/src/install/my_service_pkg/lib/python3.10/site-packages/my_service_pkg/velocity_client.py to velocity_client.cpython-310.pyc
[0.854s] byte-compiling /workspaces/ros2_ws/src/install/my_service_pkg/lib/python3.10/site-packages/my_service_pkg/velocity_service.py to velocity_service.cpython-310.pyc
[0.854s] byte-compiling /workspaces/ros2_ws/src/install/my_service_pkg/lib/python3.10/site-packages/my_service_pkg/__init__.py to __init__.cpython-310.pyc
[0.855s] running install_data
[0.855s] creating /workspaces/ros2_ws/src/install/my_service_pkg/share/ament_index
[0.856s] creating /workspaces/ros2_ws/src/install/my_service_pkg/share/ament_index/resource_index
[0.856s] creating /workspaces/ros2_ws/src/install/my_service_pkg/share/ament_index/resource_index/packages
[0.856s] copying resource/my_service_pkg -> /workspaces/ros2_ws/src/install/my_service_pkg/share/ament_index/resource_index/packages
[0.856s] copying package.xml -> /workspaces/ros2_ws/src/install/my_service_pkg/share/my_service_pkg
[0.856s] creating /workspaces/ros2_ws/src/install/my_service_pkg/share/my_service_pkg/srv
[0.857s] copying srv/SetVelocity.srv -> /workspaces/ros2_ws/src/install/my_service_pkg/share/my_service_pkg/srv
[0.857s] running install_egg_info
[0.858s] Copying ../build/my_service_pkg/my_service_pkg.egg-info to /workspaces/ros2_ws/src/install/my_service_pkg/lib/python3.10/site-packages/my_service_pkg-0.0.0-py3.10.egg-info
[0.859s] running install_scripts
[0.875s] Installing velocity_client script to /workspaces/ros2_ws/src/install/my_service_pkg/lib/my_service_pkg
[0.876s] Installing velocity_service script to /workspaces/ros2_ws/src/install/my_service_pkg/lib/my_service_pkg
[0.876s] writing list of installed files to '/workspaces/ros2_ws/src/build/my_service_pkg/install.log'
[0.897s] Invoked command in '/workspaces/ros2_ws/src/my_service_pkg' returned '0': PYTHONPATH=/workspaces/ros2_ws/src/build/my_service_pkg/prefix_override:/usr/lib/python3/dist-packages/colcon_core/task/python/colcon_distutils_commands:/workspaces/ros2_ws/src/install/my_service_pkg/lib/python3.10/site-packages:${PYTHONPATH} /usr/bin/python3 -W ignore:setup.py install is deprecated -W ignore:easy_install command is deprecated setup.py egg_info --egg-base ../build/my_service_pkg build --build-base /workspaces/ros2_ws/src/build/my_service_pkg/build install --record /workspaces/ros2_ws/src/build/my_service_pkg/install.log --single-version-externally-managed install_data
