[1.219s] Invoking command in '/workspaces/ros2_ws/src/sensor_sim': PYTHONPATH=/workspaces/ros2_ws/build/sensor_sim/prefix_override:/usr/lib/python3/dist-packages/colcon_core/task/python/colcon_distutils_commands:/workspaces/ros2_ws/install/sensor_sim/lib/python3.10/site-packages:${PYTHONPATH} /usr/bin/python3 -W ignore:setup.py install is deprecated -W ignore:easy_install command is deprecated setup.py egg_info --egg-base ../../build/sensor_sim build --build-base /workspaces/ros2_ws/build/sensor_sim/build install --record /workspaces/ros2_ws/build/sensor_sim/install.log --single-version-externally-managed install_data
[1.644s] running egg_info
[1.646s] creating ../../build/sensor_sim/sensor_sim.egg-info
[1.646s] writing ../../build/sensor_sim/sensor_sim.egg-info/PKG-INFO
[1.647s] writing dependency_links to ../../build/sensor_sim/sensor_sim.egg-info/dependency_links.txt
[1.648s] writing entry points to ../../build/sensor_sim/sensor_sim.egg-info/entry_points.txt
[1.648s] writing requirements to ../../build/sensor_sim/sensor_sim.egg-info/requires.txt
[1.648s] writing top-level names to ../../build/sensor_sim/sensor_sim.egg-info/top_level.txt
[1.649s] writing manifest file '../../build/sensor_sim/sensor_sim.egg-info/SOURCES.txt'
[1.652s] reading manifest file '../../build/sensor_sim/sensor_sim.egg-info/SOURCES.txt'
[1.654s] writing manifest file '../../build/sensor_sim/sensor_sim.egg-info/SOURCES.txt'
[1.655s] running build
[1.655s] running build_py
[1.656s] creating /workspaces/ros2_ws/build/sensor_sim/build
[1.656s] creating /workspaces/ros2_ws/build/sensor_sim/build/lib
[1.657s] creating /workspaces/ros2_ws/build/sensor_sim/build/lib/sensor_sim
[1.657s] copying sensor_sim/sensor_pub.py -> /workspaces/ros2_ws/build/sensor_sim/build/lib/sensor_sim
[1.657s] copying sensor_sim/sensor_sub.py -> /workspaces/ros2_ws/build/sensor_sim/build/lib/sensor_sim
[1.657s] copying sensor_sim/__init__.py -> /workspaces/ros2_ws/build/sensor_sim/build/lib/sensor_sim
[1.658s] running install
[1.658s] running install_lib
[1.659s] creating /workspaces/ros2_ws/install/sensor_sim/lib/python3.10/site-packages/sensor_sim
[1.659s] copying /workspaces/ros2_ws/build/sensor_sim/build/lib/sensor_sim/sensor_pub.py -> /workspaces/ros2_ws/install/sensor_sim/lib/python3.10/site-packages/sensor_sim
[1.659s] copying /workspaces/ros2_ws/build/sensor_sim/build/lib/sensor_sim/sensor_sub.py -> /workspaces/ros2_ws/install/sensor_sim/lib/python3.10/site-packages/sensor_sim
[1.659s] copying /workspaces/ros2_ws/build/sensor_sim/build/lib/sensor_sim/__init__.py -> /workspaces/ros2_ws/install/sensor_sim/lib/python3.10/site-packages/sensor_sim
[1.660s] byte-compiling /workspaces/ros2_ws/install/sensor_sim/lib/python3.10/site-packages/sensor_sim/sensor_pub.py to sensor_pub.cpython-310.pyc
[1.661s] byte-compiling /workspaces/ros2_ws/install/sensor_sim/lib/python3.10/site-packages/sensor_sim/sensor_sub.py to sensor_sub.cpython-310.pyc
[1.662s] byte-compiling /workspaces/ros2_ws/install/sensor_sim/lib/python3.10/site-packages/sensor_sim/__init__.py to __init__.cpython-310.pyc
[1.663s] running install_data
[1.663s] creating /workspaces/ros2_ws/install/sensor_sim/share/ament_index
[1.663s] creating /workspaces/ros2_ws/install/sensor_sim/share/ament_index/resource_index
[1.663s] creating /workspaces/ros2_ws/install/sensor_sim/share/ament_index/resource_index/packages
[1.663s] copying resource/sensor_sim -> /workspaces/ros2_ws/install/sensor_sim/share/ament_index/resource_index/packages
[1.664s] copying package.xml -> /workspaces/ros2_ws/install/sensor_sim/share/sensor_sim
[1.664s] running install_egg_info
[1.668s] Copying ../../build/sensor_sim/sensor_sim.egg-info to /workspaces/ros2_ws/install/sensor_sim/lib/python3.10/site-packages/sensor_sim-0.0.0-py3.10.egg-info
[1.671s] running install_scripts
[1.719s] Installing sensor_pub script to /workspaces/ros2_ws/install/sensor_sim/lib/sensor_sim
[1.719s] Installing sensor_sub script to /workspaces/ros2_ws/install/sensor_sim/lib/sensor_sim
[1.722s] writing list of installed files to '/workspaces/ros2_ws/build/sensor_sim/install.log'
[1.775s] Invoked command in '/workspaces/ros2_ws/src/sensor_sim' returned '0': PYTHONPATH=/workspaces/ros2_ws/build/sensor_sim/prefix_override:/usr/lib/python3/dist-packages/colcon_core/task/python/colcon_distutils_commands:/workspaces/ros2_ws/install/sensor_sim/lib/python3.10/site-packages:${PYTHONPATH} /usr/bin/python3 -W ignore:setup.py install is deprecated -W ignore:easy_install command is deprecated setup.py egg_info --egg-base ../../build/sensor_sim build --build-base /workspaces/ros2_ws/build/sensor_sim/build install --record /workspaces/ros2_ws/build/sensor_sim/install.log --single-version-externally-managed install_data
