[0.729s] Invoking command in '/workspaces/ros2_ws/src/examples/rclpy/guard_conditions': PYTHONPATH=/workspaces/ros2_ws/build/examples_rclpy_guard_conditions/prefix_override:/usr/lib/python3/dist-packages/colcon_core/task/python/colcon_distutils_commands:/workspaces/ros2_ws/install/examples_rclpy_guard_conditions/lib/python3.10/site-packages:${PYTHONPATH} /usr/bin/python3 -W ignore:setup.py install is deprecated -W ignore:easy_install command is deprecated setup.py egg_info --egg-base ../../../../build/examples_rclpy_guard_conditions build --build-base /workspaces/ros2_ws/build/examples_rclpy_guard_conditions/build install --record /workspaces/ros2_ws/build/examples_rclpy_guard_conditions/install.log --single-version-externally-managed install_data
[1.042s] running egg_info
[1.043s] creating ../../../../build/examples_rclpy_guard_conditions/examples_rclpy_guard_conditions.egg-info
[1.044s] writing ../../../../build/examples_rclpy_guard_conditions/examples_rclpy_guard_conditions.egg-info/PKG-INFO
[1.045s] writing dependency_links to ../../../../build/examples_rclpy_guard_conditions/examples_rclpy_guard_conditions.egg-info/dependency_links.txt
[1.045s] writing entry points to ../../../../build/examples_rclpy_guard_conditions/examples_rclpy_guard_conditions.egg-info/entry_points.txt
[1.045s] writing requirements to ../../../../build/examples_rclpy_guard_conditions/examples_rclpy_guard_conditions.egg-info/requires.txt
[1.046s] writing top-level names to ../../../../build/examples_rclpy_guard_conditions/examples_rclpy_guard_conditions.egg-info/top_level.txt
[1.046s] writing manifest file '../../../../build/examples_rclpy_guard_conditions/examples_rclpy_guard_conditions.egg-info/SOURCES.txt'
[1.049s] reading manifest file '../../../../build/examples_rclpy_guard_conditions/examples_rclpy_guard_conditions.egg-info/SOURCES.txt'
[1.051s] writing manifest file '../../../../build/examples_rclpy_guard_conditions/examples_rclpy_guard_conditions.egg-info/SOURCES.txt'
[1.051s] running build
[1.051s] running build_py
[1.052s] creating /workspaces/ros2_ws/build/examples_rclpy_guard_conditions/build
[1.052s] creating /workspaces/ros2_ws/build/examples_rclpy_guard_conditions/build/lib
[1.052s] creating /workspaces/ros2_ws/build/examples_rclpy_guard_conditions/build/lib/examples_rclpy_guard_conditions
[1.053s] copying examples_rclpy_guard_conditions/trigger_guard_condition.py -> /workspaces/ros2_ws/build/examples_rclpy_guard_conditions/build/lib/examples_rclpy_guard_conditions
[1.054s] copying examples_rclpy_guard_conditions/__init__.py -> /workspaces/ros2_ws/build/examples_rclpy_guard_conditions/build/lib/examples_rclpy_guard_conditions
[1.055s] running install
[1.056s] running install_lib
[1.058s] creating /workspaces/ros2_ws/install/examples_rclpy_guard_conditions/lib/python3.10/site-packages/examples_rclpy_guard_conditions
[1.058s] copying /workspaces/ros2_ws/build/examples_rclpy_guard_conditions/build/lib/examples_rclpy_guard_conditions/trigger_guard_condition.py -> /workspaces/ros2_ws/install/examples_rclpy_guard_conditions/lib/python3.10/site-packages/examples_rclpy_guard_conditions
[1.058s] copying /workspaces/ros2_ws/build/examples_rclpy_guard_conditions/build/lib/examples_rclpy_guard_conditions/__init__.py -> /workspaces/ros2_ws/install/examples_rclpy_guard_conditions/lib/python3.10/site-packages/examples_rclpy_guard_conditions
[1.059s] byte-compiling /workspaces/ros2_ws/install/examples_rclpy_guard_conditions/lib/python3.10/site-packages/examples_rclpy_guard_conditions/trigger_guard_condition.py to trigger_guard_condition.cpython-310.pyc
[1.059s] byte-compiling /workspaces/ros2_ws/install/examples_rclpy_guard_conditions/lib/python3.10/site-packages/examples_rclpy_guard_conditions/__init__.py to __init__.cpython-310.pyc
[1.060s] running install_data
[1.060s] creating /workspaces/ros2_ws/install/examples_rclpy_guard_conditions/share/ament_index
[1.061s] creating /workspaces/ros2_ws/install/examples_rclpy_guard_conditions/share/ament_index/resource_index
[1.061s] creating /workspaces/ros2_ws/install/examples_rclpy_guard_conditions/share/ament_index/resource_index/packages
[1.061s] copying resource/examples_rclpy_guard_conditions -> /workspaces/ros2_ws/install/examples_rclpy_guard_conditions/share/ament_index/resource_index/packages
[1.061s] copying package.xml -> /workspaces/ros2_ws/install/examples_rclpy_guard_conditions/share/examples_rclpy_guard_conditions
[1.061s] running install_egg_info
[1.064s] Copying ../../../../build/examples_rclpy_guard_conditions/examples_rclpy_guard_conditions.egg-info to /workspaces/ros2_ws/install/examples_rclpy_guard_conditions/lib/python3.10/site-packages/examples_rclpy_guard_conditions-0.15.4-py3.10.egg-info
[1.065s] running install_scripts
[1.096s] Installing trigger_guard_condition script to /workspaces/ros2_ws/install/examples_rclpy_guard_conditions/lib/examples_rclpy_guard_conditions
[1.096s] writing list of installed files to '/workspaces/ros2_ws/build/examples_rclpy_guard_conditions/install.log'
[1.132s] Invoked command in '/workspaces/ros2_ws/src/examples/rclpy/guard_conditions' returned '0': PYTHONPATH=/workspaces/ros2_ws/build/examples_rclpy_guard_conditions/prefix_override:/usr/lib/python3/dist-packages/colcon_core/task/python/colcon_distutils_commands:/workspaces/ros2_ws/install/examples_rclpy_guard_conditions/lib/python3.10/site-packages:${PYTHONPATH} /usr/bin/python3 -W ignore:setup.py install is deprecated -W ignore:easy_install command is deprecated setup.py egg_info --egg-base ../../../../build/examples_rclpy_guard_conditions build --build-base /workspaces/ros2_ws/build/examples_rclpy_guard_conditions/build install --record /workspaces/ros2_ws/build/examples_rclpy_guard_conditions/install.log --single-version-externally-managed install_data
