[1.093s] Invoking command in '/workspaces/ros2_ws/src/examples/rclpy/topics/minimal_publisher': PYTHONPATH=/workspaces/ros2_ws/build/examples_rclpy_minimal_publisher/prefix_override:/usr/lib/python3/dist-packages/colcon_core/task/python/colcon_distutils_commands:/workspaces/ros2_ws/install/examples_rclpy_minimal_publisher/lib/python3.10/site-packages:${PYTHONPATH} /usr/bin/python3 -W ignore:setup.py install is deprecated -W ignore:easy_install command is deprecated setup.py egg_info --egg-base ../../../../../build/examples_rclpy_minimal_publisher build --build-base /workspaces/ros2_ws/build/examples_rclpy_minimal_publisher/build install --record /workspaces/ros2_ws/build/examples_rclpy_minimal_publisher/install.log --single-version-externally-managed install_data
[1.490s] running egg_info
[1.491s] creating ../../../../../build/examples_rclpy_minimal_publisher/examples_rclpy_minimal_publisher.egg-info
[1.492s] writing ../../../../../build/examples_rclpy_minimal_publisher/examples_rclpy_minimal_publisher.egg-info/PKG-INFO
[1.492s] writing dependency_links to ../../../../../build/examples_rclpy_minimal_publisher/examples_rclpy_minimal_publisher.egg-info/dependency_links.txt
[1.493s] writing entry points to ../../../../../build/examples_rclpy_minimal_publisher/examples_rclpy_minimal_publisher.egg-info/entry_points.txt
[1.493s] writing requirements to ../../../../../build/examples_rclpy_minimal_publisher/examples_rclpy_minimal_publisher.egg-info/requires.txt
[1.494s] writing top-level names to ../../../../../build/examples_rclpy_minimal_publisher/examples_rclpy_minimal_publisher.egg-info/top_level.txt
[1.494s] writing manifest file '../../../../../build/examples_rclpy_minimal_publisher/examples_rclpy_minimal_publisher.egg-info/SOURCES.txt'
[1.499s] reading manifest file '../../../../../build/examples_rclpy_minimal_publisher/examples_rclpy_minimal_publisher.egg-info/SOURCES.txt'
[1.500s] writing manifest file '../../../../../build/examples_rclpy_minimal_publisher/examples_rclpy_minimal_publisher.egg-info/SOURCES.txt'
[1.501s] running build
[1.501s] running build_py
[1.502s] creating /workspaces/ros2_ws/build/examples_rclpy_minimal_publisher/build
[1.502s] creating /workspaces/ros2_ws/build/examples_rclpy_minimal_publisher/build/lib
[1.502s] creating /workspaces/ros2_ws/build/examples_rclpy_minimal_publisher/build/lib/examples_rclpy_minimal_publisher
[1.502s] copying examples_rclpy_minimal_publisher/publisher_local_function.py -> /workspaces/ros2_ws/build/examples_rclpy_minimal_publisher/build/lib/examples_rclpy_minimal_publisher
[1.503s] copying examples_rclpy_minimal_publisher/publisher_member_function_with_wait_for_all_acked.py -> /workspaces/ros2_ws/build/examples_rclpy_minimal_publisher/build/lib/examples_rclpy_minimal_publisher
[1.503s] copying examples_rclpy_minimal_publisher/publisher_old_school.py -> /workspaces/ros2_ws/build/examples_rclpy_minimal_publisher/build/lib/examples_rclpy_minimal_publisher
[1.503s] copying examples_rclpy_minimal_publisher/__init__.py -> /workspaces/ros2_ws/build/examples_rclpy_minimal_publisher/build/lib/examples_rclpy_minimal_publisher
[1.503s] copying examples_rclpy_minimal_publisher/publisher_member_function.py -> /workspaces/ros2_ws/build/examples_rclpy_minimal_publisher/build/lib/examples_rclpy_minimal_publisher
[1.504s] running install
[1.504s] running install_lib
[1.504s] creating /workspaces/ros2_ws/install/examples_rclpy_minimal_publisher/lib/python3.10/site-packages/examples_rclpy_minimal_publisher
[1.505s] copying /workspaces/ros2_ws/build/examples_rclpy_minimal_publisher/build/lib/examples_rclpy_minimal_publisher/publisher_local_function.py -> /workspaces/ros2_ws/install/examples_rclpy_minimal_publisher/lib/python3.10/site-packages/examples_rclpy_minimal_publisher
[1.505s] copying /workspaces/ros2_ws/build/examples_rclpy_minimal_publisher/build/lib/examples_rclpy_minimal_publisher/publisher_member_function_with_wait_for_all_acked.py -> /workspaces/ros2_ws/install/examples_rclpy_minimal_publisher/lib/python3.10/site-packages/examples_rclpy_minimal_publisher
[1.505s] copying /workspaces/ros2_ws/build/examples_rclpy_minimal_publisher/build/lib/examples_rclpy_minimal_publisher/publisher_old_school.py -> /workspaces/ros2_ws/install/examples_rclpy_minimal_publisher/lib/python3.10/site-packages/examples_rclpy_minimal_publisher
[1.505s] copying /workspaces/ros2_ws/build/examples_rclpy_minimal_publisher/build/lib/examples_rclpy_minimal_publisher/__init__.py -> /workspaces/ros2_ws/install/examples_rclpy_minimal_publisher/lib/python3.10/site-packages/examples_rclpy_minimal_publisher
[1.505s] copying /workspaces/ros2_ws/build/examples_rclpy_minimal_publisher/build/lib/examples_rclpy_minimal_publisher/publisher_member_function.py -> /workspaces/ros2_ws/install/examples_rclpy_minimal_publisher/lib/python3.10/site-packages/examples_rclpy_minimal_publisher
[1.506s] byte-compiling /workspaces/ros2_ws/install/examples_rclpy_minimal_publisher/lib/python3.10/site-packages/examples_rclpy_minimal_publisher/publisher_local_function.py to publisher_local_function.cpython-310.pyc
[1.507s] byte-compiling /workspaces/ros2_ws/install/examples_rclpy_minimal_publisher/lib/python3.10/site-packages/examples_rclpy_minimal_publisher/publisher_member_function_with_wait_for_all_acked.py to publisher_member_function_with_wait_for_all_acked.cpython-310.pyc
[1.508s] byte-compiling /workspaces/ros2_ws/install/examples_rclpy_minimal_publisher/lib/python3.10/site-packages/examples_rclpy_minimal_publisher/publisher_old_school.py to publisher_old_school.cpython-310.pyc
[1.509s] byte-compiling /workspaces/ros2_ws/install/examples_rclpy_minimal_publisher/lib/python3.10/site-packages/examples_rclpy_minimal_publisher/__init__.py to __init__.cpython-310.pyc
[1.509s] byte-compiling /workspaces/ros2_ws/install/examples_rclpy_minimal_publisher/lib/python3.10/site-packages/examples_rclpy_minimal_publisher/publisher_member_function.py to publisher_member_function.cpython-310.pyc
[1.510s] running install_data
[1.510s] creating /workspaces/ros2_ws/install/examples_rclpy_minimal_publisher/share/ament_index
[1.511s] creating /workspaces/ros2_ws/install/examples_rclpy_minimal_publisher/share/ament_index/resource_index
[1.512s] creating /workspaces/ros2_ws/install/examples_rclpy_minimal_publisher/share/ament_index/resource_index/packages
[1.512s] copying resource/examples_rclpy_minimal_publisher -> /workspaces/ros2_ws/install/examples_rclpy_minimal_publisher/share/ament_index/resource_index/packages
[1.512s] copying package.xml -> /workspaces/ros2_ws/install/examples_rclpy_minimal_publisher/share/examples_rclpy_minimal_publisher
[1.514s] running install_egg_info
[1.518s] Copying ../../../../../build/examples_rclpy_minimal_publisher/examples_rclpy_minimal_publisher.egg-info to /workspaces/ros2_ws/install/examples_rclpy_minimal_publisher/lib/python3.10/site-packages/examples_rclpy_minimal_publisher-0.15.4-py3.10.egg-info
[1.519s] running install_scripts
[1.567s] Installing publisher_local_function script to /workspaces/ros2_ws/install/examples_rclpy_minimal_publisher/lib/examples_rclpy_minimal_publisher
[1.568s] Installing publisher_member_function script to /workspaces/ros2_ws/install/examples_rclpy_minimal_publisher/lib/examples_rclpy_minimal_publisher
[1.569s] Installing publisher_member_function_with_wait_for_all_acked script to /workspaces/ros2_ws/install/examples_rclpy_minimal_publisher/lib/examples_rclpy_minimal_publisher
[1.569s] Installing publisher_old_school script to /workspaces/ros2_ws/install/examples_rclpy_minimal_publisher/lib/examples_rclpy_minimal_publisher
[1.570s] writing list of installed files to '/workspaces/ros2_ws/build/examples_rclpy_minimal_publisher/install.log'
[1.622s] Invoked command in '/workspaces/ros2_ws/src/examples/rclpy/topics/minimal_publisher' returned '0': PYTHONPATH=/workspaces/ros2_ws/build/examples_rclpy_minimal_publisher/prefix_override:/usr/lib/python3/dist-packages/colcon_core/task/python/colcon_distutils_commands:/workspaces/ros2_ws/install/examples_rclpy_minimal_publisher/lib/python3.10/site-packages:${PYTHONPATH} /usr/bin/python3 -W ignore:setup.py install is deprecated -W ignore:easy_install command is deprecated setup.py egg_info --egg-base ../../../../../build/examples_rclpy_minimal_publisher build --build-base /workspaces/ros2_ws/build/examples_rclpy_minimal_publisher/build install --record /workspaces/ros2_ws/build/examples_rclpy_minimal_publisher/install.log --single-version-externally-managed install_data
