running egg_info
creating ../../../../build/examples_rclpy_executors/examples_rclpy_executors.egg-info
writing ../../../../build/examples_rclpy_executors/examples_rclpy_executors.egg-info/PKG-INFO
writing dependency_links to ../../../../build/examples_rclpy_executors/examples_rclpy_executors.egg-info/dependency_links.txt
writing entry points to ../../../../build/examples_rclpy_executors/examples_rclpy_executors.egg-info/entry_points.txt
writing requirements to ../../../../build/examples_rclpy_executors/examples_rclpy_executors.egg-info/requires.txt
writing top-level names to ../../../../build/examples_rclpy_executors/examples_rclpy_executors.egg-info/top_level.txt
writing manifest file '../../../../build/examples_rclpy_executors/examples_rclpy_executors.egg-info/SOURCES.txt'
reading manifest file '../../../../build/examples_rclpy_executors/examples_rclpy_executors.egg-info/SOURCES.txt'
writing manifest file '../../../../build/examples_rclpy_executors/examples_rclpy_executors.egg-info/SOURCES.txt'
running build
running build_py
creating /workspaces/ros2_ws/build/examples_rclpy_executors/build
creating /workspaces/ros2_ws/build/examples_rclpy_executors/build/lib
creating /workspaces/ros2_ws/build/examples_rclpy_executors/build/lib/examples_rclpy_executors
copying examples_rclpy_executors/listener.py -> /workspaces/ros2_ws/build/examples_rclpy_executors/build/lib/examples_rclpy_executors
copying examples_rclpy_executors/custom_callback_group.py -> /workspaces/ros2_ws/build/examples_rclpy_executors/build/lib/examples_rclpy_executors
copying examples_rclpy_executors/composed.py -> /workspaces/ros2_ws/build/examples_rclpy_executors/build/lib/examples_rclpy_executors
copying examples_rclpy_executors/callback_group.py -> /workspaces/ros2_ws/build/examples_rclpy_executors/build/lib/examples_rclpy_executors
copying examples_rclpy_executors/talker.py -> /workspaces/ros2_ws/build/examples_rclpy_executors/build/lib/examples_rclpy_executors
copying examples_rclpy_executors/custom_executor.py -> /workspaces/ros2_ws/build/examples_rclpy_executors/build/lib/examples_rclpy_executors
copying examples_rclpy_executors/__init__.py -> /workspaces/ros2_ws/build/examples_rclpy_executors/build/lib/examples_rclpy_executors
running install
running install_lib
creating /workspaces/ros2_ws/install/examples_rclpy_executors/lib/python3.10/site-packages/examples_rclpy_executors
copying /workspaces/ros2_ws/build/examples_rclpy_executors/build/lib/examples_rclpy_executors/listener.py -> /workspaces/ros2_ws/install/examples_rclpy_executors/lib/python3.10/site-packages/examples_rclpy_executors
copying /workspaces/ros2_ws/build/examples_rclpy_executors/build/lib/examples_rclpy_executors/custom_callback_group.py -> /workspaces/ros2_ws/install/examples_rclpy_executors/lib/python3.10/site-packages/examples_rclpy_executors
copying /workspaces/ros2_ws/build/examples_rclpy_executors/build/lib/examples_rclpy_executors/composed.py -> /workspaces/ros2_ws/install/examples_rclpy_executors/lib/python3.10/site-packages/examples_rclpy_executors
copying /workspaces/ros2_ws/build/examples_rclpy_executors/build/lib/examples_rclpy_executors/callback_group.py -> /workspaces/ros2_ws/install/examples_rclpy_executors/lib/python3.10/site-packages/examples_rclpy_executors
copying /workspaces/ros2_ws/build/examples_rclpy_executors/build/lib/examples_rclpy_executors/talker.py -> /workspaces/ros2_ws/install/examples_rclpy_executors/lib/python3.10/site-packages/examples_rclpy_executors
copying /workspaces/ros2_ws/build/examples_rclpy_executors/build/lib/examples_rclpy_executors/custom_executor.py -> /workspaces/ros2_ws/install/examples_rclpy_executors/lib/python3.10/site-packages/examples_rclpy_executors
copying /workspaces/ros2_ws/build/examples_rclpy_executors/build/lib/examples_rclpy_executors/__init__.py -> /workspaces/ros2_ws/install/examples_rclpy_executors/lib/python3.10/site-packages/examples_rclpy_executors
byte-compiling /workspaces/ros2_ws/install/examples_rclpy_executors/lib/python3.10/site-packages/examples_rclpy_executors/listener.py to listener.cpython-310.pyc
byte-compiling /workspaces/ros2_ws/install/examples_rclpy_executors/lib/python3.10/site-packages/examples_rclpy_executors/custom_callback_group.py to custom_callback_group.cpython-310.pyc
byte-compiling /workspaces/ros2_ws/install/examples_rclpy_executors/lib/python3.10/site-packages/examples_rclpy_executors/composed.py to composed.cpython-310.pyc
byte-compiling /workspaces/ros2_ws/install/examples_rclpy_executors/lib/python3.10/site-packages/examples_rclpy_executors/callback_group.py to callback_group.cpython-310.pyc
byte-compiling /workspaces/ros2_ws/install/examples_rclpy_executors/lib/python3.10/site-packages/examples_rclpy_executors/talker.py to talker.cpython-310.pyc
byte-compiling /workspaces/ros2_ws/install/examples_rclpy_executors/lib/python3.10/site-packages/examples_rclpy_executors/custom_executor.py to custom_executor.cpython-310.pyc
byte-compiling /workspaces/ros2_ws/install/examples_rclpy_executors/lib/python3.10/site-packages/examples_rclpy_executors/__init__.py to __init__.cpython-310.pyc
running install_data
creating /workspaces/ros2_ws/install/examples_rclpy_executors/share/ament_index
creating /workspaces/ros2_ws/install/examples_rclpy_executors/share/ament_index/resource_index
creating /workspaces/ros2_ws/install/examples_rclpy_executors/share/ament_index/resource_index/packages
copying resource/examples_rclpy_executors -> /workspaces/ros2_ws/install/examples_rclpy_executors/share/ament_index/resource_index/packages
copying package.xml -> /workspaces/ros2_ws/install/examples_rclpy_executors/share/examples_rclpy_executors
running install_egg_info
Copying ../../../../build/examples_rclpy_executors/examples_rclpy_executors.egg-info to /workspaces/ros2_ws/install/examples_rclpy_executors/lib/python3.10/site-packages/examples_rclpy_executors-0.15.4-py3.10.egg-info
running install_scripts
Installing callback_group script to /workspaces/ros2_ws/install/examples_rclpy_executors/lib/examples_rclpy_executors
Installing composed script to /workspaces/ros2_ws/install/examples_rclpy_executors/lib/examples_rclpy_executors
Installing custom_callback_group script to /workspaces/ros2_ws/install/examples_rclpy_executors/lib/examples_rclpy_executors
Installing custom_executor script to /workspaces/ros2_ws/install/examples_rclpy_executors/lib/examples_rclpy_executors
Installing listener script to /workspaces/ros2_ws/install/examples_rclpy_executors/lib/examples_rclpy_executors
Installing talker script to /workspaces/ros2_ws/install/examples_rclpy_executors/lib/examples_rclpy_executors
writing list of installed files to '/workspaces/ros2_ws/build/examples_rclpy_executors/install.log'
