[1.095s] Invoking command in '/workspaces/ros2_ws/src/examples/rclpy/executors': PYTHONPATH=/workspaces/ros2_ws/build/examples_rclpy_executors/prefix_override:/usr/lib/python3/dist-packages/colcon_core/task/python/colcon_distutils_commands:/workspaces/ros2_ws/install/examples_rclpy_executors/lib/python3.10/site-packages:${PYTHONPATH} /usr/bin/python3 -W ignore:setup.py install is deprecated -W ignore:easy_install command is deprecated setup.py egg_info --egg-base ../../../../build/examples_rclpy_executors build --build-base /workspaces/ros2_ws/build/examples_rclpy_executors/build install --record /workspaces/ros2_ws/build/examples_rclpy_executors/install.log --single-version-externally-managed install_data
[1.316s] running egg_info
[1.317s] creating ../../../../build/examples_rclpy_executors/examples_rclpy_executors.egg-info
[1.317s] writing ../../../../build/examples_rclpy_executors/examples_rclpy_executors.egg-info/PKG-INFO
[1.317s] writing dependency_links to ../../../../build/examples_rclpy_executors/examples_rclpy_executors.egg-info/dependency_links.txt
[1.318s] writing entry points to ../../../../build/examples_rclpy_executors/examples_rclpy_executors.egg-info/entry_points.txt
[1.318s] writing requirements to ../../../../build/examples_rclpy_executors/examples_rclpy_executors.egg-info/requires.txt
[1.318s] writing top-level names to ../../../../build/examples_rclpy_executors/examples_rclpy_executors.egg-info/top_level.txt
[1.318s] writing manifest file '../../../../build/examples_rclpy_executors/examples_rclpy_executors.egg-info/SOURCES.txt'
[1.321s] reading manifest file '../../../../build/examples_rclpy_executors/examples_rclpy_executors.egg-info/SOURCES.txt'
[1.322s] writing manifest file '../../../../build/examples_rclpy_executors/examples_rclpy_executors.egg-info/SOURCES.txt'
[1.322s] running build
[1.322s] running build_py
[1.322s] creating /workspaces/ros2_ws/build/examples_rclpy_executors/build
[1.323s] creating /workspaces/ros2_ws/build/examples_rclpy_executors/build/lib
[1.323s] creating /workspaces/ros2_ws/build/examples_rclpy_executors/build/lib/examples_rclpy_executors
[1.323s] copying examples_rclpy_executors/listener.py -> /workspaces/ros2_ws/build/examples_rclpy_executors/build/lib/examples_rclpy_executors
[1.324s] copying examples_rclpy_executors/custom_callback_group.py -> /workspaces/ros2_ws/build/examples_rclpy_executors/build/lib/examples_rclpy_executors
[1.325s] copying examples_rclpy_executors/composed.py -> /workspaces/ros2_ws/build/examples_rclpy_executors/build/lib/examples_rclpy_executors
[1.325s] copying examples_rclpy_executors/callback_group.py -> /workspaces/ros2_ws/build/examples_rclpy_executors/build/lib/examples_rclpy_executors
[1.326s] copying examples_rclpy_executors/talker.py -> /workspaces/ros2_ws/build/examples_rclpy_executors/build/lib/examples_rclpy_executors
[1.327s] copying examples_rclpy_executors/custom_executor.py -> /workspaces/ros2_ws/build/examples_rclpy_executors/build/lib/examples_rclpy_executors
[1.328s] copying examples_rclpy_executors/__init__.py -> /workspaces/ros2_ws/build/examples_rclpy_executors/build/lib/examples_rclpy_executors
[1.329s] running install
[1.329s] running install_lib
[1.331s] creating /workspaces/ros2_ws/install/examples_rclpy_executors/lib/python3.10/site-packages/examples_rclpy_executors
[1.331s] copying /workspaces/ros2_ws/build/examples_rclpy_executors/build/lib/examples_rclpy_executors/listener.py -> /workspaces/ros2_ws/install/examples_rclpy_executors/lib/python3.10/site-packages/examples_rclpy_executors
[1.331s] copying /workspaces/ros2_ws/build/examples_rclpy_executors/build/lib/examples_rclpy_executors/custom_callback_group.py -> /workspaces/ros2_ws/install/examples_rclpy_executors/lib/python3.10/site-packages/examples_rclpy_executors
[1.331s] copying /workspaces/ros2_ws/build/examples_rclpy_executors/build/lib/examples_rclpy_executors/composed.py -> /workspaces/ros2_ws/install/examples_rclpy_executors/lib/python3.10/site-packages/examples_rclpy_executors
[1.331s] copying /workspaces/ros2_ws/build/examples_rclpy_executors/build/lib/examples_rclpy_executors/callback_group.py -> /workspaces/ros2_ws/install/examples_rclpy_executors/lib/python3.10/site-packages/examples_rclpy_executors
[1.332s] copying /workspaces/ros2_ws/build/examples_rclpy_executors/build/lib/examples_rclpy_executors/talker.py -> /workspaces/ros2_ws/install/examples_rclpy_executors/lib/python3.10/site-packages/examples_rclpy_executors
[1.332s] copying /workspaces/ros2_ws/build/examples_rclpy_executors/build/lib/examples_rclpy_executors/custom_executor.py -> /workspaces/ros2_ws/install/examples_rclpy_executors/lib/python3.10/site-packages/examples_rclpy_executors
[1.332s] copying /workspaces/ros2_ws/build/examples_rclpy_executors/build/lib/examples_rclpy_executors/__init__.py -> /workspaces/ros2_ws/install/examples_rclpy_executors/lib/python3.10/site-packages/examples_rclpy_executors
[1.332s] byte-compiling /workspaces/ros2_ws/install/examples_rclpy_executors/lib/python3.10/site-packages/examples_rclpy_executors/listener.py to listener.cpython-310.pyc
[1.333s] byte-compiling /workspaces/ros2_ws/install/examples_rclpy_executors/lib/python3.10/site-packages/examples_rclpy_executors/custom_callback_group.py to custom_callback_group.cpython-310.pyc
[1.334s] byte-compiling /workspaces/ros2_ws/install/examples_rclpy_executors/lib/python3.10/site-packages/examples_rclpy_executors/composed.py to composed.cpython-310.pyc
[1.334s] byte-compiling /workspaces/ros2_ws/install/examples_rclpy_executors/lib/python3.10/site-packages/examples_rclpy_executors/callback_group.py to callback_group.cpython-310.pyc
[1.334s] byte-compiling /workspaces/ros2_ws/install/examples_rclpy_executors/lib/python3.10/site-packages/examples_rclpy_executors/talker.py to talker.cpython-310.pyc
[1.335s] byte-compiling /workspaces/ros2_ws/install/examples_rclpy_executors/lib/python3.10/site-packages/examples_rclpy_executors/custom_executor.py to custom_executor.cpython-310.pyc
[1.336s] byte-compiling /workspaces/ros2_ws/install/examples_rclpy_executors/lib/python3.10/site-packages/examples_rclpy_executors/__init__.py to __init__.cpython-310.pyc
[1.336s] running install_data
[1.336s] creating /workspaces/ros2_ws/install/examples_rclpy_executors/share/ament_index
[1.336s] creating /workspaces/ros2_ws/install/examples_rclpy_executors/share/ament_index/resource_index
[1.336s] creating /workspaces/ros2_ws/install/examples_rclpy_executors/share/ament_index/resource_index/packages
[1.337s] copying resource/examples_rclpy_executors -> /workspaces/ros2_ws/install/examples_rclpy_executors/share/ament_index/resource_index/packages
[1.337s] copying package.xml -> /workspaces/ros2_ws/install/examples_rclpy_executors/share/examples_rclpy_executors
[1.337s] running install_egg_info
[1.339s] Copying ../../../../build/examples_rclpy_executors/examples_rclpy_executors.egg-info to /workspaces/ros2_ws/install/examples_rclpy_executors/lib/python3.10/site-packages/examples_rclpy_executors-0.15.4-py3.10.egg-info
[1.340s] running install_scripts
[1.364s] Installing callback_group script to /workspaces/ros2_ws/install/examples_rclpy_executors/lib/examples_rclpy_executors
[1.364s] Installing composed script to /workspaces/ros2_ws/install/examples_rclpy_executors/lib/examples_rclpy_executors
[1.365s] Installing custom_callback_group script to /workspaces/ros2_ws/install/examples_rclpy_executors/lib/examples_rclpy_executors
[1.365s] Installing custom_executor script to /workspaces/ros2_ws/install/examples_rclpy_executors/lib/examples_rclpy_executors
[1.365s] Installing listener script to /workspaces/ros2_ws/install/examples_rclpy_executors/lib/examples_rclpy_executors
[1.365s] Installing talker script to /workspaces/ros2_ws/install/examples_rclpy_executors/lib/examples_rclpy_executors
[1.366s] writing list of installed files to '/workspaces/ros2_ws/build/examples_rclpy_executors/install.log'
[1.397s] Invoked command in '/workspaces/ros2_ws/src/examples/rclpy/executors' returned '0': PYTHONPATH=/workspaces/ros2_ws/build/examples_rclpy_executors/prefix_override:/usr/lib/python3/dist-packages/colcon_core/task/python/colcon_distutils_commands:/workspaces/ros2_ws/install/examples_rclpy_executors/lib/python3.10/site-packages:${PYTHONPATH} /usr/bin/python3 -W ignore:setup.py install is deprecated -W ignore:easy_install command is deprecated setup.py egg_info --egg-base ../../../../build/examples_rclpy_executors build --build-base /workspaces/ros2_ws/build/examples_rclpy_executors/build install --record /workspaces/ros2_ws/build/examples_rclpy_executors/install.log --single-version-externally-managed install_data
