running egg_info
creating ../../../../../build/examples_rclpy_minimal_client/examples_rclpy_minimal_client.egg-info
writing ../../../../../build/examples_rclpy_minimal_client/examples_rclpy_minimal_client.egg-info/PKG-INFO
writing dependency_links to ../../../../../build/examples_rclpy_minimal_client/examples_rclpy_minimal_client.egg-info/dependency_links.txt
writing entry points to ../../../../../build/examples_rclpy_minimal_client/examples_rclpy_minimal_client.egg-info/entry_points.txt
writing requirements to ../../../../../build/examples_rclpy_minimal_client/examples_rclpy_minimal_client.egg-info/requires.txt
writing top-level names to ../../../../../build/examples_rclpy_minimal_client/examples_rclpy_minimal_client.egg-info/top_level.txt
writing manifest file '../../../../../build/examples_rclpy_minimal_client/examples_rclpy_minimal_client.egg-info/SOURCES.txt'
reading manifest file '../../../../../build/examples_rclpy_minimal_client/examples_rclpy_minimal_client.egg-info/SOURCES.txt'
writing manifest file '../../../../../build/examples_rclpy_minimal_client/examples_rclpy_minimal_client.egg-info/SOURCES.txt'
running build
running build_py
creating /workspaces/ros2_ws/build/examples_rclpy_minimal_client/build
creating /workspaces/ros2_ws/build/examples_rclpy_minimal_client/build/lib
creating /workspaces/ros2_ws/build/examples_rclpy_minimal_client/build/lib/examples_rclpy_minimal_client
copying examples_rclpy_minimal_client/client.py -> /workspaces/ros2_ws/build/examples_rclpy_minimal_client/build/lib/examples_rclpy_minimal_client
copying examples_rclpy_minimal_client/client_async_member_function.py -> /workspaces/ros2_ws/build/examples_rclpy_minimal_client/build/lib/examples_rclpy_minimal_client
copying examples_rclpy_minimal_client/client_async_callback.py -> /workspaces/ros2_ws/build/examples_rclpy_minimal_client/build/lib/examples_rclpy_minimal_client
copying examples_rclpy_minimal_client/__init__.py -> /workspaces/ros2_ws/build/examples_rclpy_minimal_client/build/lib/examples_rclpy_minimal_client
copying examples_rclpy_minimal_client/client_async.py -> /workspaces/ros2_ws/build/examples_rclpy_minimal_client/build/lib/examples_rclpy_minimal_client
running install
running install_lib
creating /workspaces/ros2_ws/install/examples_rclpy_minimal_client/lib/python3.10/site-packages/examples_rclpy_minimal_client
copying /workspaces/ros2_ws/build/examples_rclpy_minimal_client/build/lib/examples_rclpy_minimal_client/client.py -> /workspaces/ros2_ws/install/examples_rclpy_minimal_client/lib/python3.10/site-packages/examples_rclpy_minimal_client
copying /workspaces/ros2_ws/build/examples_rclpy_minimal_client/build/lib/examples_rclpy_minimal_client/client_async_member_function.py -> /workspaces/ros2_ws/install/examples_rclpy_minimal_client/lib/python3.10/site-packages/examples_rclpy_minimal_client
copying /workspaces/ros2_ws/build/examples_rclpy_minimal_client/build/lib/examples_rclpy_minimal_client/client_async_callback.py -> /workspaces/ros2_ws/install/examples_rclpy_minimal_client/lib/python3.10/site-packages/examples_rclpy_minimal_client
copying /workspaces/ros2_ws/build/examples_rclpy_minimal_client/build/lib/examples_rclpy_minimal_client/__init__.py -> /workspaces/ros2_ws/install/examples_rclpy_minimal_client/lib/python3.10/site-packages/examples_rclpy_minimal_client
copying /workspaces/ros2_ws/build/examples_rclpy_minimal_client/build/lib/examples_rclpy_minimal_client/client_async.py -> /workspaces/ros2_ws/install/examples_rclpy_minimal_client/lib/python3.10/site-packages/examples_rclpy_minimal_client
byte-compiling /workspaces/ros2_ws/install/examples_rclpy_minimal_client/lib/python3.10/site-packages/examples_rclpy_minimal_client/client.py to client.cpython-310.pyc
byte-compiling /workspaces/ros2_ws/install/examples_rclpy_minimal_client/lib/python3.10/site-packages/examples_rclpy_minimal_client/client_async_member_function.py to client_async_member_function.cpython-310.pyc
byte-compiling /workspaces/ros2_ws/install/examples_rclpy_minimal_client/lib/python3.10/site-packages/examples_rclpy_minimal_client/client_async_callback.py to client_async_callback.cpython-310.pyc
byte-compiling /workspaces/ros2_ws/install/examples_rclpy_minimal_client/lib/python3.10/site-packages/examples_rclpy_minimal_client/__init__.py to __init__.cpython-310.pyc
byte-compiling /workspaces/ros2_ws/install/examples_rclpy_minimal_client/lib/python3.10/site-packages/examples_rclpy_minimal_client/client_async.py to client_async.cpython-310.pyc
running install_data
creating /workspaces/ros2_ws/install/examples_rclpy_minimal_client/share/ament_index
creating /workspaces/ros2_ws/install/examples_rclpy_minimal_client/share/ament_index/resource_index
creating /workspaces/ros2_ws/install/examples_rclpy_minimal_client/share/ament_index/resource_index/packages
copying resource/examples_rclpy_minimal_client -> /workspaces/ros2_ws/install/examples_rclpy_minimal_client/share/ament_index/resource_index/packages
copying package.xml -> /workspaces/ros2_ws/install/examples_rclpy_minimal_client/share/examples_rclpy_minimal_client
running install_egg_info
Copying ../../../../../build/examples_rclpy_minimal_client/examples_rclpy_minimal_client.egg-info to /workspaces/ros2_ws/install/examples_rclpy_minimal_client/lib/python3.10/site-packages/examples_rclpy_minimal_client-0.15.4-py3.10.egg-info
running install_scripts
Installing client script to /workspaces/ros2_ws/install/examples_rclpy_minimal_client/lib/examples_rclpy_minimal_client
Installing client_async script to /workspaces/ros2_ws/install/examples_rclpy_minimal_client/lib/examples_rclpy_minimal_client
Installing client_async_callback script to /workspaces/ros2_ws/install/examples_rclpy_minimal_client/lib/examples_rclpy_minimal_client
Installing client_async_member_function script to /workspaces/ros2_ws/install/examples_rclpy_minimal_client/lib/examples_rclpy_minimal_client
writing list of installed files to '/workspaces/ros2_ws/build/examples_rclpy_minimal_client/install.log'
