[1.081s] Invoking command in '/workspaces/ros2_ws/src/examples/rclpy/services/minimal_client': PYTHONPATH=/workspaces/ros2_ws/build/examples_rclpy_minimal_client/prefix_override:/usr/lib/python3/dist-packages/colcon_core/task/python/colcon_distutils_commands:/workspaces/ros2_ws/install/examples_rclpy_minimal_client/lib/python3.10/site-packages:${PYTHONPATH} /usr/bin/python3 -W ignore:setup.py install is deprecated -W ignore:easy_install command is deprecated setup.py egg_info --egg-base ../../../../../build/examples_rclpy_minimal_client build --build-base /workspaces/ros2_ws/build/examples_rclpy_minimal_client/build install --record /workspaces/ros2_ws/build/examples_rclpy_minimal_client/install.log --single-version-externally-managed install_data
[1.472s] running egg_info
[1.474s] creating ../../../../../build/examples_rclpy_minimal_client/examples_rclpy_minimal_client.egg-info
[1.475s] writing ../../../../../build/examples_rclpy_minimal_client/examples_rclpy_minimal_client.egg-info/PKG-INFO
[1.476s] writing dependency_links to ../../../../../build/examples_rclpy_minimal_client/examples_rclpy_minimal_client.egg-info/dependency_links.txt
[1.477s] writing entry points to ../../../../../build/examples_rclpy_minimal_client/examples_rclpy_minimal_client.egg-info/entry_points.txt
[1.477s] writing requirements to ../../../../../build/examples_rclpy_minimal_client/examples_rclpy_minimal_client.egg-info/requires.txt
[1.477s] writing top-level names to ../../../../../build/examples_rclpy_minimal_client/examples_rclpy_minimal_client.egg-info/top_level.txt
[1.478s] writing manifest file '../../../../../build/examples_rclpy_minimal_client/examples_rclpy_minimal_client.egg-info/SOURCES.txt'
[1.481s] reading manifest file '../../../../../build/examples_rclpy_minimal_client/examples_rclpy_minimal_client.egg-info/SOURCES.txt'
[1.483s] writing manifest file '../../../../../build/examples_rclpy_minimal_client/examples_rclpy_minimal_client.egg-info/SOURCES.txt'
[1.483s] running build
[1.483s] running build_py
[1.483s] creating /workspaces/ros2_ws/build/examples_rclpy_minimal_client/build
[1.484s] creating /workspaces/ros2_ws/build/examples_rclpy_minimal_client/build/lib
[1.484s] creating /workspaces/ros2_ws/build/examples_rclpy_minimal_client/build/lib/examples_rclpy_minimal_client
[1.485s] copying examples_rclpy_minimal_client/client.py -> /workspaces/ros2_ws/build/examples_rclpy_minimal_client/build/lib/examples_rclpy_minimal_client
[1.485s] copying examples_rclpy_minimal_client/client_async_member_function.py -> /workspaces/ros2_ws/build/examples_rclpy_minimal_client/build/lib/examples_rclpy_minimal_client
[1.486s] copying examples_rclpy_minimal_client/client_async_callback.py -> /workspaces/ros2_ws/build/examples_rclpy_minimal_client/build/lib/examples_rclpy_minimal_client
[1.486s] copying examples_rclpy_minimal_client/__init__.py -> /workspaces/ros2_ws/build/examples_rclpy_minimal_client/build/lib/examples_rclpy_minimal_client
[1.487s] copying examples_rclpy_minimal_client/client_async.py -> /workspaces/ros2_ws/build/examples_rclpy_minimal_client/build/lib/examples_rclpy_minimal_client
[1.487s] running install
[1.487s] running install_lib
[1.487s] creating /workspaces/ros2_ws/install/examples_rclpy_minimal_client/lib/python3.10/site-packages/examples_rclpy_minimal_client
[1.488s] copying /workspaces/ros2_ws/build/examples_rclpy_minimal_client/build/lib/examples_rclpy_minimal_client/client.py -> /workspaces/ros2_ws/install/examples_rclpy_minimal_client/lib/python3.10/site-packages/examples_rclpy_minimal_client
[1.488s] copying /workspaces/ros2_ws/build/examples_rclpy_minimal_client/build/lib/examples_rclpy_minimal_client/client_async_member_function.py -> /workspaces/ros2_ws/install/examples_rclpy_minimal_client/lib/python3.10/site-packages/examples_rclpy_minimal_client
[1.488s] copying /workspaces/ros2_ws/build/examples_rclpy_minimal_client/build/lib/examples_rclpy_minimal_client/client_async_callback.py -> /workspaces/ros2_ws/install/examples_rclpy_minimal_client/lib/python3.10/site-packages/examples_rclpy_minimal_client
[1.489s] copying /workspaces/ros2_ws/build/examples_rclpy_minimal_client/build/lib/examples_rclpy_minimal_client/__init__.py -> /workspaces/ros2_ws/install/examples_rclpy_minimal_client/lib/python3.10/site-packages/examples_rclpy_minimal_client
[1.489s] copying /workspaces/ros2_ws/build/examples_rclpy_minimal_client/build/lib/examples_rclpy_minimal_client/client_async.py -> /workspaces/ros2_ws/install/examples_rclpy_minimal_client/lib/python3.10/site-packages/examples_rclpy_minimal_client
[1.489s] byte-compiling /workspaces/ros2_ws/install/examples_rclpy_minimal_client/lib/python3.10/site-packages/examples_rclpy_minimal_client/client.py to client.cpython-310.pyc
[1.490s] byte-compiling /workspaces/ros2_ws/install/examples_rclpy_minimal_client/lib/python3.10/site-packages/examples_rclpy_minimal_client/client_async_member_function.py to client_async_member_function.cpython-310.pyc
[1.491s] byte-compiling /workspaces/ros2_ws/install/examples_rclpy_minimal_client/lib/python3.10/site-packages/examples_rclpy_minimal_client/client_async_callback.py to client_async_callback.cpython-310.pyc
[1.492s] byte-compiling /workspaces/ros2_ws/install/examples_rclpy_minimal_client/lib/python3.10/site-packages/examples_rclpy_minimal_client/__init__.py to __init__.cpython-310.pyc
[1.492s] byte-compiling /workspaces/ros2_ws/install/examples_rclpy_minimal_client/lib/python3.10/site-packages/examples_rclpy_minimal_client/client_async.py to client_async.cpython-310.pyc
[1.493s] running install_data
[1.493s] creating /workspaces/ros2_ws/install/examples_rclpy_minimal_client/share/ament_index
[1.493s] creating /workspaces/ros2_ws/install/examples_rclpy_minimal_client/share/ament_index/resource_index
[1.493s] creating /workspaces/ros2_ws/install/examples_rclpy_minimal_client/share/ament_index/resource_index/packages
[1.494s] copying resource/examples_rclpy_minimal_client -> /workspaces/ros2_ws/install/examples_rclpy_minimal_client/share/ament_index/resource_index/packages
[1.494s] copying package.xml -> /workspaces/ros2_ws/install/examples_rclpy_minimal_client/share/examples_rclpy_minimal_client
[1.494s] running install_egg_info
[1.497s] Copying ../../../../../build/examples_rclpy_minimal_client/examples_rclpy_minimal_client.egg-info to /workspaces/ros2_ws/install/examples_rclpy_minimal_client/lib/python3.10/site-packages/examples_rclpy_minimal_client-0.15.4-py3.10.egg-info
[1.499s] running install_scripts
[1.535s] Installing client script to /workspaces/ros2_ws/install/examples_rclpy_minimal_client/lib/examples_rclpy_minimal_client
[1.536s] Installing client_async script to /workspaces/ros2_ws/install/examples_rclpy_minimal_client/lib/examples_rclpy_minimal_client
[1.536s] Installing client_async_callback script to /workspaces/ros2_ws/install/examples_rclpy_minimal_client/lib/examples_rclpy_minimal_client
[1.536s] Installing client_async_member_function script to /workspaces/ros2_ws/install/examples_rclpy_minimal_client/lib/examples_rclpy_minimal_client
[1.537s] writing list of installed files to '/workspaces/ros2_ws/build/examples_rclpy_minimal_client/install.log'
[1.580s] Invoked command in '/workspaces/ros2_ws/src/examples/rclpy/services/minimal_client' returned '0': PYTHONPATH=/workspaces/ros2_ws/build/examples_rclpy_minimal_client/prefix_override:/usr/lib/python3/dist-packages/colcon_core/task/python/colcon_distutils_commands:/workspaces/ros2_ws/install/examples_rclpy_minimal_client/lib/python3.10/site-packages:${PYTHONPATH} /usr/bin/python3 -W ignore:setup.py install is deprecated -W ignore:easy_install command is deprecated setup.py egg_info --egg-base ../../../../../build/examples_rclpy_minimal_client build --build-base /workspaces/ros2_ws/build/examples_rclpy_minimal_client/build install --record /workspaces/ros2_ws/build/examples_rclpy_minimal_client/install.log --single-version-externally-managed install_data
